{
  "label": "vscode-wing-cap-run",
  "level": "warn",
  "message": "Activating the 'vscode-wing-cap-run' extension...",
  "time": "2021-10-26T00:05:46.905Z"
}
{
  "label": "vscode-wing-cap-run",
  "level": "warn",
  "message": "The \"vscode-wing-cap-run\" extension is now active.",
  "time": "2021-10-26T00:05:47.631Z"
}
{
  "label": "vscode-wing-cap-run",
  "level": "warn",
  "message": "The extension SAPSE.vscode-wing-cap-guided-development found and is about to be activated",
  "time": "2021-10-26T00:05:47.632Z"
}
{
  "label": "vscode-wing-cap-run",
  "level": "warn",
  "message": "The extension SAPSE.vscode-wing-cap-guided-development has been activated",
  "time": "2021-10-26T00:05:47.997Z"
}
{
  "label": "vscode-wing-cap-run",
  "level": "warn",
  "message": "Language Client of CDS LSP is ready.",
  "time": "2021-10-26T00:05:47.998Z"
}
