2021-10-25 04:09:00,756 [Worker-0: Loading available Gradle versions] INFO  o.e.b.c.i.u.g.PublishedGradleVersions - Gradle version information cache is up-to-date. Trying to read.
2021-10-25 04:09:03,391 [Worker-1: Initialize Workspace] WARN  o.e.m.c.i.markers.MarkerUtils - Could not find OSGI service for org.eclipse.m2e.core.internal.markers.IEditorMarkerService
2021-10-25 04:09:03,431 [Worker-1: Initialize Workspace] WARN  o.e.m.c.i.markers.MarkerUtils - Could not find OSGI service for org.eclipse.m2e.core.internal.markers.IEditorMarkerService
2021-10-25 04:09:03,767 [Worker-1: Initialize Workspace] INFO  o.e.m.c.i.l.LifecycleMappingFactory - Using NULL lifecycle mapping for MavenProject: com.sap.cap:bookstore-parent:1.0.0-SNAPSHOT @ /home/user/projects/bookstore/pom.xml.
2021-10-25 04:09:04,624 [Worker-1: Initialize Workspace] WARN  o.e.m.c.i.l.LifecycleMappingFactory - Ignoring plugin execution mapping org.codehaus.mojo:flatten-maven-plugin:[1.1.0,) defined in maven plugin com.sap.cds:cds-maven-plugin:1.17.0 because it matches other plugins and/or plugin versions
2021-10-25 04:09:09,317 [Worker-1: Initialize Workspace] INFO  o.e.m.c.i.l.LifecycleMappingFactory - Using org.eclipse.m2e.jdt.JarLifecycleMapping lifecycle mapping for MavenProject: com.sap.cap:bookstore:1.0.0-SNAPSHOT @ /home/user/projects/bookstore/srv/pom.xml.
2021-10-25 04:09:16,857 [Worker-1: Initialize Workspace] INFO  o.e.m.c.i.embedder.EclipseLogger - InstallNodeMojo: Node.js v12.21.0 already installed.
2021-10-25 04:09:16,887 [Worker-1: Initialize Workspace] INFO  o.e.m.c.i.embedder.EclipseLogger - InstallCdsdkMojo: Using directory containing a .cdsrc.json as working directory: /home/user/projects/bookstore
2021-10-25 04:09:16,887 [Worker-1: Initialize Workspace] INFO  o.e.m.c.i.embedder.EclipseLogger - InstallCdsdkMojo: Installing @sap/cds-dk@^3 into: /home/user/projects/bookstore
2021-10-25 04:09:16,888 [Worker-1: Initialize Workspace] INFO  o.e.m.c.i.embedder.EclipseLogger - InstallCdsdkMojo: Using npm from previous installation: /home/user/.m2/repository/com/sap/cds/cds-maven-plugin/cache/unpacked/12.21.0/unpacked-12.21.0-linux-x64.tar.gz/node-v12.21.0-linux-x64/bin/npm
2021-10-25 04:09:16,923 [Worker-1: Initialize Workspace] INFO  o.e.m.c.i.embedder.EclipseLogger - InstallCdsdkMojo: Executing [/home/user/.m2/repository/com/sap/cds/cds-maven-plugin/cache/unpacked/12.21.0/unpacked-12.21.0-linux-x64.tar.gz/node-v12.21.0-linux-x64/bin/npm, install, @sap/cds-dk@^3, --no-save] in working directory /home/user/projects/bookstore
2021-10-25 04:10:07,902 [Worker-1: Initialize Workspace] INFO  o.e.m.c.i.embedder.EclipseLogger - InstallCdsdkMojo: 
> sqlite3@5.0.0 install /home/user/projects/bookstore/node_modules/@sap/cds-dk/node_modules/sqlite3
> node-pre-gyp install --fallback-to-build

[sqlite3] Success: "/home/user/projects/bookstore/node_modules/@sap/cds-dk/node_modules/sqlite3/lib/binding/napi-v3-linux-x64/node_sqlite3.node" is installed via remote

> @sap-cloud-sdk/core@1.46.0 postinstall /home/user/projects/bookstore/node_modules/@sap/cds-dk/node_modules/@sap-cloud-sdk/core
> node usage-analytics.js

+ @sap/cds-dk@3.5.4
added 314 packages from 342 contributors in 47.391s

42 packages are looking for funding
  run `npm fund` for details


2021-10-25 04:10:08,187 [Worker-1: Initialize Workspace] INFO  o.e.m.c.i.embedder.EclipseLogger - CdsMojo: Using directory containing a .cdsrc.json as working directory: /home/user/projects/bookstore
2021-10-25 04:10:08,194 [Worker-1: Initialize Workspace] INFO  o.e.m.c.i.embedder.EclipseLogger - CdsMojo: Using npx from previous installation: /home/user/.m2/repository/com/sap/cds/cds-maven-plugin/cache/unpacked/12.21.0/unpacked-12.21.0-linux-x64.tar.gz/node-v12.21.0-linux-x64/bin/npx
2021-10-25 04:10:08,195 [Worker-1: Initialize Workspace] INFO  o.e.m.c.i.embedder.EclipseLogger - CdsMojo: Executing [/home/user/.m2/repository/com/sap/cds/cds-maven-plugin/cache/unpacked/12.21.0/unpacked-12.21.0-linux-x64.tar.gz/node-v12.21.0-linux-x64/bin/npx, -c, cds version] in working directory /home/user/projects/bookstore
2021-10-25 04:10:09,579 [Worker-1: Initialize Workspace] INFO  o.e.m.c.i.embedder.EclipseLogger - CdsMojo: Using configured working directory: /home/user/projects/bookstore
2021-10-25 04:10:09,580 [Worker-1: Initialize Workspace] INFO  o.e.m.c.i.embedder.EclipseLogger - CdsMojo: Using npx from previous installation: /home/user/.m2/repository/com/sap/cds/cds-maven-plugin/cache/unpacked/12.21.0/unpacked-12.21.0-linux-x64.tar.gz/node-v12.21.0-linux-x64/bin/npx
2021-10-25 04:10:09,580 [Worker-1: Initialize Workspace] INFO  o.e.m.c.i.embedder.EclipseLogger - CdsMojo: Executing [/home/user/.m2/repository/com/sap/cds/cds-maven-plugin/cache/unpacked/12.21.0/unpacked-12.21.0-linux-x64.tar.gz/node-v12.21.0-linux-x64/bin/npx, -c, cds build] in working directory /home/user/projects/bookstore
2021-10-25 04:10:10,463 [Worker-1: Initialize Workspace] INFO  o.e.m.c.i.embedder.EclipseLogger - CdsMojo: [cds] - [cds] - determining build tasks for project [/home/user/projects/bookstore].
[cds] - [cds] - the following build tasks will be executed
[cds] -    {
     "build": {
       "target": ".",
       "tasks": [
         {"for":"java-cf", "src":"srv", "options":{"model":["db","srv"]}}
       ]
     }
   }

[cds] - building project [/home/user/projects/bookstore], clean [true]
[cds] - cds [5.5.5], compiler [2.7.0], home [/extbin/npm/globals/lib/node_modules/@sap/cds]

[cds] - no model found, skip build
[cds] - done >
[cds] - writing generation log to [/home/user/projects/bookstore/srv/target/cds/build.log]

[cds] - build completed in 18 ms
2021-10-25 04:10:10,464 [Worker-1: Initialize Workspace] INFO  o.e.m.c.i.embedder.EclipseLogger - CdsMojo: Using npx from previous installation: /home/user/.m2/repository/com/sap/cds/cds-maven-plugin/cache/unpacked/12.21.0/unpacked-12.21.0-linux-x64.tar.gz/node-v12.21.0-linux-x64/bin/npx
2021-10-25 04:10:10,464 [Worker-1: Initialize Workspace] INFO  o.e.m.c.i.embedder.EclipseLogger - CdsMojo: Executing [/home/user/.m2/repository/com/sap/cds/cds-maven-plugin/cache/unpacked/12.21.0/unpacked-12.21.0-linux-x64.tar.gz/node-v12.21.0-linux-x64/bin/npx, -c, cds deploy --to sqlite --dry > "/home/user/projects/bookstore/srv/src/main/resources/schema.sql"] in working directory /home/user/projects/bookstore
2021-10-25 04:10:11,024 [Worker-1: Initialize Workspace] ERROR o.e.m.c.i.embedder.EclipseLogger - CdsMojo: [ERROR] No .cds models found, please specify one as an argument

2021-10-25 04:10:11,085 [Worker-1: Initialize Workspace] ERROR o.e.m.c.i.embedder.EclipseLogger -  Process exited with an error: 1 (Exit value: 1)
org.apache.commons.exec.ExecuteException: Process exited with an error: 1 (Exit value: 1)
	at org.apache.commons.exec.DefaultExecutor.executeInternal(DefaultExecutor.java:404)
	at org.apache.commons.exec.DefaultExecutor.execute(DefaultExecutor.java:166)
	at com.sap.cds.maven.plugin.util.ProcessExecutor.executeAndGetResult(ProcessExecutor.java:101)
	at com.sap.cds.maven.plugin.build.AbstractNodejsMojo.execute(AbstractNodejsMojo.java:91)
	at com.sap.cds.maven.plugin.build.CdsMojo.executeCds(CdsMojo.java:144)
	at com.sap.cds.maven.plugin.build.CdsMojo.executeViaLifecycle(CdsMojo.java:178)
	at com.sap.cds.maven.plugin.build.CdsMojo.execute(CdsMojo.java:95)
	at org.apache.maven.plugin.DefaultBuildPluginManager.executeMojo(DefaultBuildPluginManager.java:137)
	at org.eclipse.m2e.core.internal.embedder.MavenImpl.execute(MavenImpl.java:332)
	at org.eclipse.m2e.core.internal.embedder.MavenImpl.lambda$8(MavenImpl.java:1380)
	at org.eclipse.m2e.core.internal.embedder.MavenExecutionContext.executeBare(MavenExecutionContext.java:179)
	at org.eclipse.m2e.core.internal.embedder.MavenExecutionContext.execute(MavenExecutionContext.java:114)
	at org.eclipse.m2e.core.internal.embedder.MavenImpl.execute(MavenImpl.java:1379)
	at org.eclipse.m2e.core.project.configurator.MojoExecutionBuildParticipant.build(MojoExecutionBuildParticipant.java:54)
	at org.eclipse.m2e.core.internal.builder.MavenBuilderImpl.build(MavenBuilderImpl.java:135)
	at org.eclipse.m2e.core.project.configurator.AbstractLifecycleMapping.configure(AbstractLifecycleMapping.java:113)
	at org.eclipse.m2e.core.internal.project.ProjectConfigurationManager.lambda$2(ProjectConfigurationManager.java:511)
	at org.eclipse.m2e.core.internal.embedder.MavenExecutionContext.executeBare(MavenExecutionContext.java:179)
	at org.eclipse.m2e.core.internal.embedder.MavenExecutionContext.execute(MavenExecutionContext.java:153)
	at org.eclipse.m2e.core.internal.project.ProjectConfigurationManager.updateProjectConfiguration(ProjectConfigurationManager.java:505)
	at org.eclipse.m2e.core.internal.project.ProjectConfigurationManager.configureNewMavenProjects(ProjectConfigurationManager.java:296)
	at org.eclipse.m2e.core.internal.project.ProjectConfigurationManager.lambda$0(ProjectConfigurationManager.java:176)
	at org.eclipse.m2e.core.internal.embedder.MavenExecutionContext.executeBare(MavenExecutionContext.java:179)
	at org.eclipse.m2e.core.internal.embedder.MavenExecutionContext.execute(MavenExecutionContext.java:153)
	at org.eclipse.m2e.core.internal.embedder.MavenExecutionContext.execute(MavenExecutionContext.java:101)
	at org.eclipse.m2e.core.internal.embedder.MavenImpl.execute(MavenImpl.java:1374)
	at org.eclipse.m2e.core.internal.project.ProjectConfigurationManager.importProjects(ProjectConfigurationManager.java:146)
	at org.eclipse.m2e.core.internal.project.ProjectConfigurationManager.importProjects(ProjectConfigurationManager.java:136)
	at org.eclipse.jdt.ls.core.internal.managers.MavenProjectImporter.importToWorkspace(MavenProjectImporter.java:194)
	at org.eclipse.jdt.ls.core.internal.managers.ProjectsManager.importProjects(ProjectsManager.java:113)
	at org.eclipse.jdt.ls.core.internal.managers.ProjectsManager.initializeProjects(ProjectsManager.java:102)
	at org.eclipse.jdt.ls.core.internal.handlers.InitHandler$1.runInWorkspace(InitHandler.java:188)
	at org.eclipse.core.internal.resources.InternalWorkspaceJob.run(InternalWorkspaceJob.java:42)
	at org.eclipse.core.internal.jobs.Worker.run(Worker.java:63)
2021-10-25 04:10:11,097 [Worker-1: Initialize Workspace] INFO  o.e.m.c.i.embedder.EclipseLogger - GenerateMojo: Adding code output directory "/home/user/projects/bookstore/srv/src/gen/java" to compile source directories.
2021-10-25 04:10:11,098 [Worker-1: Initialize Workspace] INFO  o.e.m.c.i.embedder.EclipseLogger - GenerateMojo: No changes in artifact bookstore, skipping execution.
2021-10-25 04:10:11,127 [Worker-1: Initialize Workspace] WARN  o.e.m.c.i.markers.MarkerUtils - Could not find OSGI service for org.eclipse.m2e.core.internal.markers.IMarkerLocationService
2021-10-25 04:10:11,478 [Worker-1: Initialize Workspace] INFO  o.e.m.j.i.AbstractJavaProjectConfigurator - Adding source folder /bookstore/src/main/java
2021-10-25 04:10:11,480 [Worker-1: Initialize Workspace] INFO  o.e.m.j.i.AbstractJavaProjectConfigurator - Adding source folder /bookstore/src/gen/java
2021-10-25 04:10:11,481 [Worker-1: Initialize Workspace] INFO  o.e.m.j.i.AbstractJavaProjectConfigurator - Adding resource folder /bookstore/src/main/resources
2021-10-25 04:10:11,483 [Worker-1: Initialize Workspace] INFO  o.e.m.j.i.AbstractJavaProjectConfigurator - Adding source folder /bookstore/src/test/java
2021-10-25 04:10:11,483 [Worker-1: Initialize Workspace] INFO  o.e.m.j.i.AbstractJavaProjectConfigurator - Adding resource folder /bookstore/src/test/resources
2021-10-25 04:10:12,606 [Worker-1: Initialize Workspace] INFO  o.e.m.c.i.p.ProjectConfigurationManager - Imported and configured 2 project(s) in 70 sec
2021-10-25 08:21:27,241 [Worker-26: Update project bookstore] INFO  o.e.m.c.i.p.ProjectConfigurationManager - Update started
2021-10-25 08:21:27,772 [Worker-26: Update project bookstore] WARN  o.e.m.c.i.markers.MarkerUtils - Could not find OSGI service for org.eclipse.m2e.core.internal.markers.IEditorMarkerService
2021-10-25 08:21:27,831 [Worker-26: Update project bookstore] WARN  o.e.m.c.i.l.LifecycleMappingFactory - Ignoring plugin execution mapping org.codehaus.mojo:flatten-maven-plugin:[1.1.0,) defined in maven plugin com.sap.cds:cds-maven-plugin:1.17.0 because it matches other plugins and/or plugin versions
2021-10-25 08:21:28,360 [Worker-26: Update project bookstore] INFO  o.e.m.c.i.l.LifecycleMappingFactory - Using org.eclipse.m2e.jdt.JarLifecycleMapping lifecycle mapping for MavenProject: com.sap.cap:bookstore:1.0.0-SNAPSHOT @ /home/user/projects/bookstore/srv/pom.xml.
2021-10-25 08:21:29,431 [Worker-34: Update project bookstore] INFO  o.e.m.c.i.p.ProjectConfigurationManager - Update started
2021-10-25 08:21:29,567 [Worker-34: Update project bookstore] WARN  o.e.m.c.i.markers.MarkerUtils - Could not find OSGI service for org.eclipse.m2e.core.internal.markers.IEditorMarkerService
2021-10-25 08:21:29,752 [Worker-26: Update project bookstore] INFO  o.e.m.c.i.embedder.EclipseLogger - InstallNodeMojo: Node.js v12.21.0 already installed.
2021-10-25 08:21:29,754 [Worker-26: Update project bookstore] INFO  o.e.m.c.i.embedder.EclipseLogger - InstallCdsdkMojo: Using directory containing a .cdsrc.json as working directory: /home/user/projects/bookstore
2021-10-25 08:21:29,754 [Worker-26: Update project bookstore] INFO  o.e.m.c.i.embedder.EclipseLogger - InstallCdsdkMojo: Installing @sap/cds-dk@^3 into: /home/user/projects/bookstore
2021-10-25 08:21:29,754 [Worker-26: Update project bookstore] INFO  o.e.m.c.i.embedder.EclipseLogger - InstallCdsdkMojo: Using npm from previous installation: /home/user/.m2/repository/com/sap/cds/cds-maven-plugin/cache/unpacked/12.21.0/unpacked-12.21.0-linux-x64.tar.gz/node-v12.21.0-linux-x64/bin/npm
2021-10-25 08:21:29,760 [Worker-26: Update project bookstore] INFO  o.e.m.c.i.embedder.EclipseLogger - InstallCdsdkMojo: Executing [/home/user/.m2/repository/com/sap/cds/cds-maven-plugin/cache/unpacked/12.21.0/unpacked-12.21.0-linux-x64.tar.gz/node-v12.21.0-linux-x64/bin/npm, install, @sap/cds-dk@^3, --no-save] in working directory /home/user/projects/bookstore
2021-10-25 08:21:29,775 [Worker-34: Update project bookstore] WARN  o.e.m.c.i.l.LifecycleMappingFactory - Ignoring plugin execution mapping org.codehaus.mojo:flatten-maven-plugin:[1.1.0,) defined in maven plugin com.sap.cds:cds-maven-plugin:1.17.0 because it matches other plugins and/or plugin versions
2021-10-25 08:21:29,935 [Worker-34: Update project bookstore] INFO  o.e.m.c.i.l.LifecycleMappingFactory - Using org.eclipse.m2e.jdt.JarLifecycleMapping lifecycle mapping for MavenProject: com.sap.cap:bookstore:1.0.0-SNAPSHOT @ /home/user/projects/bookstore/srv/pom.xml.
2021-10-25 08:21:30,603 [Worker-34: Update project bookstore] INFO  o.e.m.c.i.embedder.EclipseLogger - InstallNodeMojo: Node.js v12.21.0 already installed.
2021-10-25 08:21:30,604 [Worker-34: Update project bookstore] INFO  o.e.m.c.i.embedder.EclipseLogger - InstallCdsdkMojo: Using directory containing a .cdsrc.json as working directory: /home/user/projects/bookstore
2021-10-25 08:21:30,604 [Worker-34: Update project bookstore] INFO  o.e.m.c.i.embedder.EclipseLogger - InstallCdsdkMojo: Installing @sap/cds-dk@^3 into: /home/user/projects/bookstore
2021-10-25 08:21:30,604 [Worker-34: Update project bookstore] INFO  o.e.m.c.i.embedder.EclipseLogger - InstallCdsdkMojo: Using npm from previous installation: /home/user/.m2/repository/com/sap/cds/cds-maven-plugin/cache/unpacked/12.21.0/unpacked-12.21.0-linux-x64.tar.gz/node-v12.21.0-linux-x64/bin/npm
2021-10-25 08:21:30,605 [Worker-34: Update project bookstore] INFO  o.e.m.c.i.embedder.EclipseLogger - InstallCdsdkMojo: Executing [/home/user/.m2/repository/com/sap/cds/cds-maven-plugin/cache/unpacked/12.21.0/unpacked-12.21.0-linux-x64.tar.gz/node-v12.21.0-linux-x64/bin/npm, install, @sap/cds-dk@^3, --no-save] in working directory /home/user/projects/bookstore
2021-10-25 08:21:48,756 [Worker-34: Update project bookstore] INFO  o.e.m.c.i.embedder.EclipseLogger - InstallCdsdkMojo: 
> sqlite3@5.0.0 install /home/user/projects/bookstore/node_modules/@sap/cds-dk/node_modules/sqlite3
> node-pre-gyp install --fallback-to-build

[sqlite3] Success: "/home/user/projects/bookstore/node_modules/@sap/cds-dk/node_modules/sqlite3/lib/binding/napi-v3-linux-x64/node_sqlite3.node" is installed via remote

> @sap-cloud-sdk/core@1.46.0 postinstall /home/user/projects/bookstore/node_modules/@sap/cds-dk/node_modules/@sap-cloud-sdk/core
> node usage-analytics.js

+ @sap/cds-dk@3.5.4
added 314 packages from 342 contributors in 16.023s

42 packages are looking for funding
  run `npm fund` for details


2021-10-25 08:21:49,128 [Worker-34: Update project bookstore] INFO  o.e.m.c.i.embedder.EclipseLogger - CdsMojo: Using directory containing a .cdsrc.json as working directory: /home/user/projects/bookstore
2021-10-25 08:21:49,154 [Worker-34: Update project bookstore] INFO  o.e.m.c.i.embedder.EclipseLogger - CdsMojo: Using npx from previous installation: /home/user/.m2/repository/com/sap/cds/cds-maven-plugin/cache/unpacked/12.21.0/unpacked-12.21.0-linux-x64.tar.gz/node-v12.21.0-linux-x64/bin/npx
2021-10-25 08:21:49,159 [Worker-34: Update project bookstore] INFO  o.e.m.c.i.embedder.EclipseLogger - CdsMojo: Executing [/home/user/.m2/repository/com/sap/cds/cds-maven-plugin/cache/unpacked/12.21.0/unpacked-12.21.0-linux-x64.tar.gz/node-v12.21.0-linux-x64/bin/npx, -c, cds version] in working directory /home/user/projects/bookstore
2021-10-25 08:21:50,432 [Worker-34: Update project bookstore] INFO  o.e.m.c.i.embedder.EclipseLogger - CdsMojo: Using configured working directory: /home/user/projects/bookstore
2021-10-25 08:21:50,432 [Worker-34: Update project bookstore] INFO  o.e.m.c.i.embedder.EclipseLogger - CdsMojo: Using npx from previous installation: /home/user/.m2/repository/com/sap/cds/cds-maven-plugin/cache/unpacked/12.21.0/unpacked-12.21.0-linux-x64.tar.gz/node-v12.21.0-linux-x64/bin/npx
2021-10-25 08:21:50,433 [Worker-34: Update project bookstore] INFO  o.e.m.c.i.embedder.EclipseLogger - CdsMojo: Executing [/home/user/.m2/repository/com/sap/cds/cds-maven-plugin/cache/unpacked/12.21.0/unpacked-12.21.0-linux-x64.tar.gz/node-v12.21.0-linux-x64/bin/npx, -c, cds build] in working directory /home/user/projects/bookstore
2021-10-25 08:21:52,225 [Worker-34: Update project bookstore] INFO  o.e.m.c.i.embedder.EclipseLogger - CdsMojo: [cds] - [cds] - determining build tasks for project [/home/user/projects/bookstore].
[cds] - [cds] - the following build tasks will be executed
[cds] -    {
     "build": {
       "target": ".",
       "tasks": [
         {"for":"java-cf", "src":"srv", "options":{"model":["db","srv"]}}
       ]
     }
   }

[cds] - building project [/home/user/projects/bookstore], clean [true]
[cds] - cds [5.5.5], compiler [2.7.0], home [/extbin/npm/globals/lib/node_modules/@sap/cds]

[cds] - done > wrote output to:
   srv/src/main/resources/edmx/AdminService.xml
   srv/src/main/resources/edmx/AdminService_ar.xml
   srv/src/main/resources/edmx/AdminService_cs.xml
   srv/src/main/resources/edmx/AdminService_da.xml
   srv/src/main/resources/edmx/AdminService_de.xml
   srv/src/main/resources/edmx/AdminService_en.xml
   srv/src/main/resources/edmx/AdminService_es.xml
   srv/src/main/resources/edmx/AdminService_fi.xml
   srv/src/main/resources/edmx/AdminService_fr.xml
   srv/src/main/resources/edmx/AdminService_hu.xml
   srv/src/main/resources/edmx/AdminService_it.xml
   srv/src/main/resources/edmx/AdminService_ja.xml
   srv/src/main/resources/edmx/AdminService_ko.xml
   srv/src/main/resources/edmx/AdminService_ms.xml
   srv/src/main/resources/edmx/AdminService_nl.xml
   srv/src/main/resources/edmx/AdminService_no.xml
   srv/src/main/resources/edmx/AdminService_pl.xml
   srv/src/main/resources/edmx/AdminService_pt.xml
   srv/src/main/resources/edmx/AdminService_ro.xml
   srv/src/main/resources/edmx/AdminService_ru.xml
   srv/src/main/resources/edmx/AdminService_sv.xml
   srv/src/main/resources/edmx/AdminService_th.xml
   srv/src/main/resources/edmx/AdminService_tr.xml
   srv/src/main/resources/edmx/AdminService_zh_CN.xml
   srv/src/main/resources/edmx/AdminService_zh_TW.xml
   srv/src/main/resources/edmx/BooksService.xml
   srv/src/main/resources/edmx/BooksService_ar.xml
   srv/src/main/resources/edmx/BooksService_cs.xml
   srv/src/main/resources/edmx/BooksService_da.xml
   srv/src/main/resources/edmx/BooksService_de.xml
   srv/src/main/resources/edmx/BooksService_en.xml
   srv/src/main/resources/edmx/BooksService_es.xml
   srv/src/main/resources/edmx/BooksService_fi.xml
   srv/src/main/resources/edmx/BooksService_fr.xml
   srv/src/main/resources/edmx/BooksService_hu.xml
   srv/src/main/resources/edmx/BooksService_it.xml
   srv/src/main/resources/edmx/BooksService_ja.xml
   srv/src/main/resources/edmx/BooksService_ko.xml
   srv/src/main/resources/edmx/BooksService_ms.xml
   srv/src/main/resources/edmx/BooksService_nl.xml
   srv/src/main/resources/edmx/BooksService_no.xml
   srv/src/main/resources/edmx/BooksService_pl.xml
   srv/src/main/resources/edmx/BooksService_pt.xml
   srv/src/main/resources/edmx/BooksService_ro.xml
   srv/src/main/resources/edmx/BooksService_ru.xml
   srv/src/main/resources/edmx/BooksService_sv.xml
   srv/src/main/resources/edmx/BooksService_th.xml
   srv/src/main/resources/edmx/BooksService_tr.xml
   srv/src/main/resources/edmx/BooksService_zh_CN.xml
   srv/src/main/resources/edmx/BooksService_zh_TW.xml
   srv/src/main/resources/edmx/OrdersService.xml
   srv/src/main/resources/edmx/OrdersService_ar.xml
   srv/src/main/resources/edmx/OrdersService_cs.xml
   srv/src/main/resources/edmx/OrdersService_da.xml
   srv/src/main/resources/edmx/OrdersService_de.xml
   srv/src/main/resources/edmx/OrdersService_en.xml
   srv/src/main/resources/edmx/OrdersService_es.xml
   srv/src/main/resources/edmx/OrdersService_fi.xml
   srv/src/main/resources/edmx/OrdersService_fr.xml
   srv/src/main/resources/edmx/OrdersService_hu.xml
   srv/src/main/resources/edmx/OrdersService_it.xml
   srv/src/main/resources/edmx/OrdersService_ja.xml
   srv/src/main/resources/edmx/OrdersService_ko.xml
   srv/src/main/resources/edmx/OrdersService_ms.xml
   srv/src/main/resources/edmx/OrdersService_nl.xml
   srv/src/main/resources/edmx/OrdersService_no.xml
   srv/src/main/resources/edmx/OrdersService_pl.xml
   srv/src/main/resources/edmx/OrdersService_pt.xml
   srv/src/main/resources/edmx/OrdersService_ro.xml
   srv/src/main/resources/edmx/OrdersService_ru.xml
   srv/src/main/resources/edmx/OrdersService_sv.xml
   srv/src/main/resources/edmx/OrdersService_th.xml
   srv/src/main/resources/edmx/OrdersService_tr.xml
   srv/src/main/resources/edmx/OrdersService_zh_CN.xml
   srv/src/main/resources/edmx/OrdersService_zh_TW.xml
   srv/src/main/resources/edmx/csn.json

[cds] - writing generation log to [/home/user/projects/bookstore/srv/target/cds/build.log]

[cds] - [WARNING] srv/services.cds:18:16: No OData navigation property generated, target “sap.capire.bookstore.Books” is outside any service (in entity:"AdminService.Authors"/element:"books")
[cds] - build completed in 707 ms
2021-10-25 08:21:52,226 [Worker-34: Update project bookstore] INFO  o.e.m.c.i.embedder.EclipseLogger - CdsMojo: Using npx from previous installation: /home/user/.m2/repository/com/sap/cds/cds-maven-plugin/cache/unpacked/12.21.0/unpacked-12.21.0-linux-x64.tar.gz/node-v12.21.0-linux-x64/bin/npx
2021-10-25 08:21:52,227 [Worker-34: Update project bookstore] INFO  o.e.m.c.i.embedder.EclipseLogger - CdsMojo: Executing [/home/user/.m2/repository/com/sap/cds/cds-maven-plugin/cache/unpacked/12.21.0/unpacked-12.21.0-linux-x64.tar.gz/node-v12.21.0-linux-x64/bin/npx, -c, cds deploy --to sqlite --dry > "/home/user/projects/bookstore/srv/src/main/resources/edmx/schema.sql"] in working directory /home/user/projects/bookstore
2021-10-25 08:21:54,406 [Worker-34: Update project bookstore] INFO  o.e.m.c.i.embedder.EclipseLogger - CdsMojo: 
2021-10-25 08:21:55,396 [Worker-34: Update project bookstore] INFO  o.e.m.c.i.embedder.EclipseLogger - GenerateMojo: Adding code output directory "/home/user/projects/bookstore/srv/src/gen/java" to compile source directories.
2021-10-25 08:21:55,397 [Worker-34: Update project bookstore] INFO  o.e.m.c.i.embedder.EclipseLogger - GenerateMojo: No changes in artifact bookstore, skipping execution.
2021-10-25 08:21:56,763 [Worker-34: Update project bookstore] INFO  o.e.m.j.i.AbstractJavaProjectConfigurator - Adding source folder /bookstore/src/main/java
2021-10-25 08:21:56,768 [Worker-34: Update project bookstore] INFO  o.e.m.j.i.AbstractJavaProjectConfigurator - Adding source folder /bookstore/src/gen/java
2021-10-25 08:21:56,770 [Worker-34: Update project bookstore] INFO  o.e.m.j.i.AbstractJavaProjectConfigurator - Adding resource folder /bookstore/src/main/resources
2021-10-25 08:21:56,775 [Worker-34: Update project bookstore] INFO  o.e.m.j.i.AbstractJavaProjectConfigurator - Adding source folder /bookstore/src/test/java
2021-10-25 08:21:56,775 [Worker-34: Update project bookstore] INFO  o.e.m.j.i.AbstractJavaProjectConfigurator - Adding resource folder /bookstore/src/test/resources
2021-10-25 08:21:59,199 [Worker-26: Update project bookstore] INFO  o.e.m.c.i.embedder.EclipseLogger - InstallCdsdkMojo: 
> sqlite3@5.0.0 install /home/user/projects/bookstore/node_modules/@sap/cds-dk/node_modules/sqlite3
> node-pre-gyp install --fallback-to-build

[sqlite3] Success: "/home/user/projects/bookstore/node_modules/@sap/cds-dk/node_modules/sqlite3/lib/binding/napi-v3-linux-x64/node_sqlite3.node" is installed via remote

> @sap-cloud-sdk/core@1.46.0 postinstall /home/user/projects/bookstore/node_modules/@sap/cds-dk/node_modules/@sap-cloud-sdk/core
> node usage-analytics.js

+ @sap/cds-dk@3.5.4
added 314 packages from 342 contributors in 26.757s

42 packages are looking for funding
  run `npm fund` for details


2021-10-25 08:21:59,336 [Worker-34: Update project bookstore] WARN  o.e.m.c.i.markers.MarkerUtils - Could not find OSGI service for org.eclipse.m2e.core.internal.markers.IEditorMarkerService
2021-10-25 08:21:59,687 [Worker-26: Update project bookstore] INFO  o.e.m.c.i.embedder.EclipseLogger - CdsMojo: Using directory containing a .cdsrc.json as working directory: /home/user/projects/bookstore
2021-10-25 08:21:59,698 [Worker-26: Update project bookstore] INFO  o.e.m.c.i.embedder.EclipseLogger - CdsMojo: Using npx from previous installation: /home/user/.m2/repository/com/sap/cds/cds-maven-plugin/cache/unpacked/12.21.0/unpacked-12.21.0-linux-x64.tar.gz/node-v12.21.0-linux-x64/bin/npx
2021-10-25 08:21:59,706 [Worker-26: Update project bookstore] INFO  o.e.m.c.i.embedder.EclipseLogger - CdsMojo: Executing [/home/user/.m2/repository/com/sap/cds/cds-maven-plugin/cache/unpacked/12.21.0/unpacked-12.21.0-linux-x64.tar.gz/node-v12.21.0-linux-x64/bin/npx, -c, cds version] in working directory /home/user/projects/bookstore
2021-10-25 08:21:59,941 [Worker-34: Update project bookstore] WARN  o.e.m.c.i.l.LifecycleMappingFactory - Ignoring plugin execution mapping org.codehaus.mojo:flatten-maven-plugin:[1.1.0,) defined in maven plugin com.sap.cds:cds-maven-plugin:1.17.0 because it matches other plugins and/or plugin versions
2021-10-25 08:22:00,200 [Worker-34: Update project bookstore] INFO  o.e.m.c.i.l.LifecycleMappingFactory - Using org.eclipse.m2e.jdt.JarLifecycleMapping lifecycle mapping for MavenProject: com.sap.cap:bookstore:1.0.0-SNAPSHOT @ /home/user/projects/bookstore/srv/pom.xml.
2021-10-25 08:22:00,580 [Worker-26: Update project bookstore] INFO  o.e.m.c.i.embedder.EclipseLogger - CdsMojo: Using configured working directory: /home/user/projects/bookstore
2021-10-25 08:22:00,580 [Worker-26: Update project bookstore] INFO  o.e.m.c.i.embedder.EclipseLogger - CdsMojo: Using npx from previous installation: /home/user/.m2/repository/com/sap/cds/cds-maven-plugin/cache/unpacked/12.21.0/unpacked-12.21.0-linux-x64.tar.gz/node-v12.21.0-linux-x64/bin/npx
2021-10-25 08:22:00,581 [Worker-26: Update project bookstore] INFO  o.e.m.c.i.embedder.EclipseLogger - CdsMojo: Executing [/home/user/.m2/repository/com/sap/cds/cds-maven-plugin/cache/unpacked/12.21.0/unpacked-12.21.0-linux-x64.tar.gz/node-v12.21.0-linux-x64/bin/npx, -c, cds build] in working directory /home/user/projects/bookstore
2021-10-25 08:22:00,605 [Worker-34: Update project bookstore] INFO  o.e.m.c.i.p.ProjectConfigurationManager - Update completed: 31 sec
2021-10-25 08:22:02,129 [Worker-26: Update project bookstore] INFO  o.e.m.c.i.embedder.EclipseLogger - CdsMojo: [cds] - [cds] - determining build tasks for project [/home/user/projects/bookstore].
[cds] - [cds] - the following build tasks will be executed
[cds] -    {
     "build": {
       "target": ".",
       "tasks": [
         {"for":"java-cf", "src":"srv", "options":{"model":["db","srv"]}}
       ]
     }
   }

[cds] - building project [/home/user/projects/bookstore], clean [true]
[cds] - cds [5.5.5], compiler [2.7.0], home [/extbin/npm/globals/lib/node_modules/@sap/cds]

[cds] - done > wrote output to:
   srv/src/main/resources/edmx/AdminService.xml
   srv/src/main/resources/edmx/AdminService_ar.xml
   srv/src/main/resources/edmx/AdminService_cs.xml
   srv/src/main/resources/edmx/AdminService_da.xml
   srv/src/main/resources/edmx/AdminService_de.xml
   srv/src/main/resources/edmx/AdminService_en.xml
   srv/src/main/resources/edmx/AdminService_es.xml
   srv/src/main/resources/edmx/AdminService_fi.xml
   srv/src/main/resources/edmx/AdminService_fr.xml
   srv/src/main/resources/edmx/AdminService_hu.xml
   srv/src/main/resources/edmx/AdminService_it.xml
   srv/src/main/resources/edmx/AdminService_ja.xml
   srv/src/main/resources/edmx/AdminService_ko.xml
   srv/src/main/resources/edmx/AdminService_ms.xml
   srv/src/main/resources/edmx/AdminService_nl.xml
   srv/src/main/resources/edmx/AdminService_no.xml
   srv/src/main/resources/edmx/AdminService_pl.xml
   srv/src/main/resources/edmx/AdminService_pt.xml
   srv/src/main/resources/edmx/AdminService_ro.xml
   srv/src/main/resources/edmx/AdminService_ru.xml
   srv/src/main/resources/edmx/AdminService_sv.xml
   srv/src/main/resources/edmx/AdminService_th.xml
   srv/src/main/resources/edmx/AdminService_tr.xml
   srv/src/main/resources/edmx/AdminService_zh_CN.xml
   srv/src/main/resources/edmx/AdminService_zh_TW.xml
   srv/src/main/resources/edmx/BooksService.xml
   srv/src/main/resources/edmx/BooksService_ar.xml
   srv/src/main/resources/edmx/BooksService_cs.xml
   srv/src/main/resources/edmx/BooksService_da.xml
   srv/src/main/resources/edmx/BooksService_de.xml
   srv/src/main/resources/edmx/BooksService_en.xml
   srv/src/main/resources/edmx/BooksService_es.xml
   srv/src/main/resources/edmx/BooksService_fi.xml
   srv/src/main/resources/edmx/BooksService_fr.xml
   srv/src/main/resources/edmx/BooksService_hu.xml
   srv/src/main/resources/edmx/BooksService_it.xml
   srv/src/main/resources/edmx/BooksService_ja.xml
   srv/src/main/resources/edmx/BooksService_ko.xml
   srv/src/main/resources/edmx/BooksService_ms.xml
   srv/src/main/resources/edmx/BooksService_nl.xml
   srv/src/main/resources/edmx/BooksService_no.xml
   srv/src/main/resources/edmx/BooksService_pl.xml
   srv/src/main/resources/edmx/BooksService_pt.xml
   srv/src/main/resources/edmx/BooksService_ro.xml
   srv/src/main/resources/edmx/BooksService_ru.xml
   srv/src/main/resources/edmx/BooksService_sv.xml
   srv/src/main/resources/edmx/BooksService_th.xml
   srv/src/main/resources/edmx/BooksService_tr.xml
   srv/src/main/resources/edmx/BooksService_zh_CN.xml
   srv/src/main/resources/edmx/BooksService_zh_TW.xml
   srv/src/main/resources/edmx/OrdersService.xml
   srv/src/main/resources/edmx/OrdersService_ar.xml
   srv/src/main/resources/edmx/OrdersService_cs.xml
   srv/src/main/resources/edmx/OrdersService_da.xml
   srv/src/main/resources/edmx/OrdersService_de.xml
   srv/src/main/resources/edmx/OrdersService_en.xml
   srv/src/main/resources/edmx/OrdersService_es.xml
   srv/src/main/resources/edmx/OrdersService_fi.xml
   srv/src/main/resources/edmx/OrdersService_fr.xml
   srv/src/main/resources/edmx/OrdersService_hu.xml
   srv/src/main/resources/edmx/OrdersService_it.xml
   srv/src/main/resources/edmx/OrdersService_ja.xml
   srv/src/main/resources/edmx/OrdersService_ko.xml
   srv/src/main/resources/edmx/OrdersService_ms.xml
   srv/src/main/resources/edmx/OrdersService_nl.xml
   srv/src/main/resources/edmx/OrdersService_no.xml
   srv/src/main/resources/edmx/OrdersService_pl.xml
   srv/src/main/resources/edmx/OrdersService_pt.xml
   srv/src/main/resources/edmx/OrdersService_ro.xml
   srv/src/main/resources/edmx/OrdersService_ru.xml
   srv/src/main/resources/edmx/OrdersService_sv.xml
   srv/src/main/resources/edmx/OrdersService_th.xml
   srv/src/main/resources/edmx/OrdersService_tr.xml
   srv/src/main/resources/edmx/OrdersService_zh_CN.xml
   srv/src/main/resources/edmx/OrdersService_zh_TW.xml
   srv/src/main/resources/edmx/csn.json

[cds] - writing generation log to [/home/user/projects/bookstore/srv/target/cds/build.log]

[cds] - [WARNING] srv/services.cds:18:16: No OData navigation property generated, target “sap.capire.bookstore.Books” is outside any service (in entity:"AdminService.Authors"/element:"books")
[cds] - build completed in 671 ms
2021-10-25 08:22:02,428 [Worker-26: Update project bookstore] INFO  o.e.m.c.i.embedder.EclipseLogger - CdsMojo: Using npx from previous installation: /home/user/.m2/repository/com/sap/cds/cds-maven-plugin/cache/unpacked/12.21.0/unpacked-12.21.0-linux-x64.tar.gz/node-v12.21.0-linux-x64/bin/npx
2021-10-25 08:22:02,430 [Worker-26: Update project bookstore] INFO  o.e.m.c.i.embedder.EclipseLogger - CdsMojo: Executing [/home/user/.m2/repository/com/sap/cds/cds-maven-plugin/cache/unpacked/12.21.0/unpacked-12.21.0-linux-x64.tar.gz/node-v12.21.0-linux-x64/bin/npx, -c, cds deploy --to sqlite --dry > "/home/user/projects/bookstore/srv/src/main/resources/edmx/schema.sql"] in working directory /home/user/projects/bookstore
2021-10-25 08:22:04,333 [Worker-26: Update project bookstore] INFO  o.e.m.c.i.embedder.EclipseLogger - CdsMojo: 
2021-10-25 08:22:04,856 [Worker-26: Update project bookstore] INFO  o.e.m.c.i.embedder.EclipseLogger - GenerateMojo: Adding code output directory "/home/user/projects/bookstore/srv/src/gen/java" to compile source directories.
2021-10-25 08:22:04,857 [Worker-26: Update project bookstore] INFO  o.e.m.c.i.embedder.EclipseLogger - GenerateMojo: No changes in artifact bookstore, skipping execution.
2021-10-25 08:22:05,435 [Worker-26: Update project bookstore] INFO  o.e.m.j.i.AbstractJavaProjectConfigurator - Adding source folder /bookstore/src/main/java
2021-10-25 08:22:05,437 [Worker-26: Update project bookstore] INFO  o.e.m.j.i.AbstractJavaProjectConfigurator - Adding source folder /bookstore/src/gen/java
2021-10-25 08:22:05,437 [Worker-26: Update project bookstore] INFO  o.e.m.j.i.AbstractJavaProjectConfigurator - Adding resource folder /bookstore/src/main/resources
2021-10-25 08:22:05,440 [Worker-26: Update project bookstore] INFO  o.e.m.j.i.AbstractJavaProjectConfigurator - Adding source folder /bookstore/src/test/java
2021-10-25 08:22:05,440 [Worker-26: Update project bookstore] INFO  o.e.m.j.i.AbstractJavaProjectConfigurator - Adding resource folder /bookstore/src/test/resources
2021-10-25 08:22:06,803 [Worker-26: Update project bookstore] INFO  o.e.m.c.i.p.ProjectConfigurationManager - Update completed: 39 sec
2021-10-25 08:22:46,453 [Worker-37: Update project bookstore] INFO  o.e.m.c.i.p.ProjectConfigurationManager - Update started
2021-10-25 08:22:46,643 [Worker-37: Update project bookstore] WARN  o.e.m.c.i.markers.MarkerUtils - Could not find OSGI service for org.eclipse.m2e.core.internal.markers.IEditorMarkerService
2021-10-25 08:22:46,700 [Worker-37: Update project bookstore] WARN  o.e.m.c.i.l.LifecycleMappingFactory - Ignoring plugin execution mapping org.codehaus.mojo:flatten-maven-plugin:[1.1.0,) defined in maven plugin com.sap.cds:cds-maven-plugin:1.17.0 because it matches other plugins and/or plugin versions
2021-10-25 08:22:46,956 [Worker-37: Update project bookstore] INFO  o.e.m.c.i.l.LifecycleMappingFactory - Using org.eclipse.m2e.jdt.JarLifecycleMapping lifecycle mapping for MavenProject: com.sap.cap:bookstore:1.0.0-SNAPSHOT @ /home/user/projects/bookstore/srv/pom.xml.
2021-10-25 08:22:47,881 [Worker-37: Update project bookstore] INFO  o.e.m.c.i.embedder.EclipseLogger - InstallNodeMojo: Node.js v12.21.0 already installed.
2021-10-25 08:22:47,883 [Worker-37: Update project bookstore] INFO  o.e.m.c.i.embedder.EclipseLogger - InstallCdsdkMojo: Using directory containing a .cdsrc.json as working directory: /home/user/projects/bookstore
2021-10-25 08:22:47,883 [Worker-37: Update project bookstore] INFO  o.e.m.c.i.embedder.EclipseLogger - InstallCdsdkMojo: Installing @sap/cds-dk@^3 into: /home/user/projects/bookstore
2021-10-25 08:22:47,883 [Worker-37: Update project bookstore] INFO  o.e.m.c.i.embedder.EclipseLogger - InstallCdsdkMojo: Using npm from previous installation: /home/user/.m2/repository/com/sap/cds/cds-maven-plugin/cache/unpacked/12.21.0/unpacked-12.21.0-linux-x64.tar.gz/node-v12.21.0-linux-x64/bin/npm
2021-10-25 08:22:47,889 [Worker-37: Update project bookstore] INFO  o.e.m.c.i.embedder.EclipseLogger - InstallCdsdkMojo: Executing [/home/user/.m2/repository/com/sap/cds/cds-maven-plugin/cache/unpacked/12.21.0/unpacked-12.21.0-linux-x64.tar.gz/node-v12.21.0-linux-x64/bin/npm, install, @sap/cds-dk@^3, --no-save] in working directory /home/user/projects/bookstore
2021-10-25 08:22:58,507 [Worker-37: Update project bookstore] INFO  o.e.m.c.i.embedder.EclipseLogger - InstallCdsdkMojo: 
> sqlite3@5.0.0 install /home/user/projects/bookstore/node_modules/@sap/cds-dk/node_modules/sqlite3
> node-pre-gyp install --fallback-to-build

[sqlite3] Success: "/home/user/projects/bookstore/node_modules/@sap/cds-dk/node_modules/sqlite3/lib/binding/napi-v3-linux-x64/node_sqlite3.node" is installed via remote

> @sap-cloud-sdk/core@1.46.0 postinstall /home/user/projects/bookstore/node_modules/@sap/cds-dk/node_modules/@sap-cloud-sdk/core
> node usage-analytics.js

+ @sap/cds-dk@3.5.4
added 314 packages from 342 contributors in 8.451s

42 packages are looking for funding
  run `npm fund` for details


2021-10-25 08:22:58,702 [Worker-37: Update project bookstore] INFO  o.e.m.c.i.embedder.EclipseLogger - CdsMojo: Using directory containing a .cdsrc.json as working directory: /home/user/projects/bookstore
2021-10-25 08:22:58,718 [Worker-37: Update project bookstore] INFO  o.e.m.c.i.embedder.EclipseLogger - CdsMojo: Using npx from previous installation: /home/user/.m2/repository/com/sap/cds/cds-maven-plugin/cache/unpacked/12.21.0/unpacked-12.21.0-linux-x64.tar.gz/node-v12.21.0-linux-x64/bin/npx
2021-10-25 08:22:58,722 [Worker-37: Update project bookstore] INFO  o.e.m.c.i.embedder.EclipseLogger - CdsMojo: Executing [/home/user/.m2/repository/com/sap/cds/cds-maven-plugin/cache/unpacked/12.21.0/unpacked-12.21.0-linux-x64.tar.gz/node-v12.21.0-linux-x64/bin/npx, -c, cds version] in working directory /home/user/projects/bookstore
2021-10-25 08:22:59,643 [Worker-37: Update project bookstore] INFO  o.e.m.c.i.embedder.EclipseLogger - CdsMojo: Using configured working directory: /home/user/projects/bookstore
2021-10-25 08:22:59,643 [Worker-37: Update project bookstore] INFO  o.e.m.c.i.embedder.EclipseLogger - CdsMojo: Using npx from previous installation: /home/user/.m2/repository/com/sap/cds/cds-maven-plugin/cache/unpacked/12.21.0/unpacked-12.21.0-linux-x64.tar.gz/node-v12.21.0-linux-x64/bin/npx
2021-10-25 08:22:59,643 [Worker-37: Update project bookstore] INFO  o.e.m.c.i.embedder.EclipseLogger - CdsMojo: Executing [/home/user/.m2/repository/com/sap/cds/cds-maven-plugin/cache/unpacked/12.21.0/unpacked-12.21.0-linux-x64.tar.gz/node-v12.21.0-linux-x64/bin/npx, -c, cds build] in working directory /home/user/projects/bookstore
2021-10-25 08:23:00,623 [Worker-37: Update project bookstore] INFO  o.e.m.c.i.embedder.EclipseLogger - CdsMojo: [cds] - [cds] - determining build tasks for project [/home/user/projects/bookstore].
[cds] - [cds] - the following build tasks will be executed
[cds] -    {
     "build": {
       "target": ".",
       "tasks": [
         {"for":"java-cf", "src":"srv", "options":{"model":["db","srv"]}}
       ]
     }
   }

[cds] - building project [/home/user/projects/bookstore], clean [true]
[cds] - cds [5.5.5], compiler [2.7.0], home [/extbin/npm/globals/lib/node_modules/@sap/cds]

[cds] - done > wrote output to:
   srv/src/main/resources/edmx/AdminService.xml
   srv/src/main/resources/edmx/AdminService_ar.xml
   srv/src/main/resources/edmx/AdminService_cs.xml
   srv/src/main/resources/edmx/AdminService_da.xml
   srv/src/main/resources/edmx/AdminService_de.xml
   srv/src/main/resources/edmx/AdminService_en.xml
   srv/src/main/resources/edmx/AdminService_es.xml
   srv/src/main/resources/edmx/AdminService_fi.xml
   srv/src/main/resources/edmx/AdminService_fr.xml
   srv/src/main/resources/edmx/AdminService_hu.xml
   srv/src/main/resources/edmx/AdminService_it.xml
   srv/src/main/resources/edmx/AdminService_ja.xml
   srv/src/main/resources/edmx/AdminService_ko.xml
   srv/src/main/resources/edmx/AdminService_ms.xml
   srv/src/main/resources/edmx/AdminService_nl.xml
   srv/src/main/resources/edmx/AdminService_no.xml
   srv/src/main/resources/edmx/AdminService_pl.xml
   srv/src/main/resources/edmx/AdminService_pt.xml
   srv/src/main/resources/edmx/AdminService_ro.xml
   srv/src/main/resources/edmx/AdminService_ru.xml
   srv/src/main/resources/edmx/AdminService_sv.xml
   srv/src/main/resources/edmx/AdminService_th.xml
   srv/src/main/resources/edmx/AdminService_tr.xml
   srv/src/main/resources/edmx/AdminService_zh_CN.xml
   srv/src/main/resources/edmx/AdminService_zh_TW.xml
   srv/src/main/resources/edmx/BooksService.xml
   srv/src/main/resources/edmx/BooksService_ar.xml
   srv/src/main/resources/edmx/BooksService_cs.xml
   srv/src/main/resources/edmx/BooksService_da.xml
   srv/src/main/resources/edmx/BooksService_de.xml
   srv/src/main/resources/edmx/BooksService_en.xml
   srv/src/main/resources/edmx/BooksService_es.xml
   srv/src/main/resources/edmx/BooksService_fi.xml
   srv/src/main/resources/edmx/BooksService_fr.xml
   srv/src/main/resources/edmx/BooksService_hu.xml
   srv/src/main/resources/edmx/BooksService_it.xml
   srv/src/main/resources/edmx/BooksService_ja.xml
   srv/src/main/resources/edmx/BooksService_ko.xml
   srv/src/main/resources/edmx/BooksService_ms.xml
   srv/src/main/resources/edmx/BooksService_nl.xml
   srv/src/main/resources/edmx/BooksService_no.xml
   srv/src/main/resources/edmx/BooksService_pl.xml
   srv/src/main/resources/edmx/BooksService_pt.xml
   srv/src/main/resources/edmx/BooksService_ro.xml
   srv/src/main/resources/edmx/BooksService_ru.xml
   srv/src/main/resources/edmx/BooksService_sv.xml
   srv/src/main/resources/edmx/BooksService_th.xml
   srv/src/main/resources/edmx/BooksService_tr.xml
   srv/src/main/resources/edmx/BooksService_zh_CN.xml
   srv/src/main/resources/edmx/BooksService_zh_TW.xml
   srv/src/main/resources/edmx/OrdersService.xml
   srv/src/main/resources/edmx/OrdersService_ar.xml
   srv/src/main/resources/edmx/OrdersService_cs.xml
   srv/src/main/resources/edmx/OrdersService_da.xml
   srv/src/main/resources/edmx/OrdersService_de.xml
   srv/src/main/resources/edmx/OrdersService_en.xml
   srv/src/main/resources/edmx/OrdersService_es.xml
   srv/src/main/resources/edmx/OrdersService_fi.xml
   srv/src/main/resources/edmx/OrdersService_fr.xml
   srv/src/main/resources/edmx/OrdersService_hu.xml
   srv/src/main/resources/edmx/OrdersService_it.xml
   srv/src/main/resources/edmx/OrdersService_ja.xml
   srv/src/main/resources/edmx/OrdersService_ko.xml
   srv/src/main/resources/edmx/OrdersService_ms.xml
   srv/src/main/resources/edmx/OrdersService_nl.xml
   srv/src/main/resources/edmx/OrdersService_no.xml
   srv/src/main/resources/edmx/OrdersService_pl.xml
   srv/src/main/resources/edmx/OrdersService_pt.xml
   srv/src/main/resources/edmx/OrdersService_ro.xml
   srv/src/main/resources/edmx/OrdersService_ru.xml
   srv/src/main/resources/edmx/OrdersService_sv.xml
   srv/src/main/resources/edmx/OrdersService_th.xml
   srv/src/main/resources/edmx/OrdersService_tr.xml
   srv/src/main/resources/edmx/OrdersService_zh_CN.xml
   srv/src/main/resources/edmx/OrdersService_zh_TW.xml
   srv/src/main/resources/edmx/csn.json

[cds] - writing generation log to [/home/user/projects/bookstore/srv/target/cds/build.log]

[cds] - [WARNING] srv/services.cds:18:16: No OData navigation property generated, target “sap.capire.bookstore.Books” is outside any service (in entity:"AdminService.Authors"/element:"books")
[cds] - build completed in 415 ms
2021-10-25 08:23:00,623 [Worker-37: Update project bookstore] INFO  o.e.m.c.i.embedder.EclipseLogger - CdsMojo: Using npx from previous installation: /home/user/.m2/repository/com/sap/cds/cds-maven-plugin/cache/unpacked/12.21.0/unpacked-12.21.0-linux-x64.tar.gz/node-v12.21.0-linux-x64/bin/npx
2021-10-25 08:23:00,623 [Worker-37: Update project bookstore] INFO  o.e.m.c.i.embedder.EclipseLogger - CdsMojo: Executing [/home/user/.m2/repository/com/sap/cds/cds-maven-plugin/cache/unpacked/12.21.0/unpacked-12.21.0-linux-x64.tar.gz/node-v12.21.0-linux-x64/bin/npx, -c, cds deploy --to sqlite --dry > "/home/user/projects/bookstore/srv/src/main/resources/schema.sql"] in working directory /home/user/projects/bookstore
2021-10-25 08:23:01,656 [Worker-37: Update project bookstore] INFO  o.e.m.c.i.embedder.EclipseLogger - CdsMojo: 
2021-10-25 08:23:01,710 [Worker-37: Update project bookstore] INFO  o.e.m.c.i.embedder.EclipseLogger - GenerateMojo: Adding code output directory "/home/user/projects/bookstore/srv/src/gen/java" to compile source directories.
2021-10-25 08:23:01,710 [Worker-37: Update project bookstore] INFO  o.e.m.c.i.embedder.EclipseLogger - GenerateMojo: No changes in artifact bookstore, skipping execution.
2021-10-25 08:23:02,047 [Worker-37: Update project bookstore] INFO  o.e.m.j.i.AbstractJavaProjectConfigurator - Adding source folder /bookstore/src/main/java
2021-10-25 08:23:02,049 [Worker-37: Update project bookstore] INFO  o.e.m.j.i.AbstractJavaProjectConfigurator - Adding source folder /bookstore/src/gen/java
2021-10-25 08:23:02,049 [Worker-37: Update project bookstore] INFO  o.e.m.j.i.AbstractJavaProjectConfigurator - Adding resource folder /bookstore/src/main/resources
2021-10-25 08:23:02,051 [Worker-37: Update project bookstore] INFO  o.e.m.j.i.AbstractJavaProjectConfigurator - Adding source folder /bookstore/src/test/java
2021-10-25 08:23:02,051 [Worker-37: Update project bookstore] INFO  o.e.m.j.i.AbstractJavaProjectConfigurator - Adding resource folder /bookstore/src/test/resources
2021-10-25 08:23:02,522 [Worker-37: Update project bookstore] INFO  o.e.m.c.i.p.ProjectConfigurationManager - Update completed: 16 sec
2021-10-26 00:05:54,331 [Worker-1: Loading available Gradle versions] INFO  o.e.b.c.i.u.g.PublishedGradleVersions - Gradle version information cache is not available. Remote download required.
